<?xml version="1.0" encoding="UTF-8"?>
<testsuite xmlns:xsi="http://www.w3.org/2001/XMLSchema-instance" xsi:noNamespaceSchemaLocation="https://maven.apache.org/surefire/maven-surefire-plugin/xsd/surefire-test-report-3.0.xsd" version="3.0" name="AddNewItemTest" time="5.422" tests="1" errors="0" skipped="0" failures="0">
  <properties>
    <property name="java.specification.version" value="21"/>
    <property name="sun.jnu.encoding" value="UTF-8"/>
    <property name="java.class.path" value="/Users/enasalkhawatrah/eclipse-workspace/herokuApp/target/test-classes:/Users/enasalkhawatrah/eclipse-workspace/herokuApp/target/classes:/Users/enasalkhawatrah/.m2/repository/io/rest-assured/rest-assured/5.3.0/rest-assured-5.3.0.jar:/Users/enasalkhawatrah/.m2/repository/org/apache/groovy/groovy/4.0.6/groovy-4.0.6.jar:/Users/enasalkhawatrah/.m2/repository/org/apache/groovy/groovy-xml/4.0.6/groovy-xml-4.0.6.jar:/Users/enasalkhawatrah/.m2/repository/org/apache/httpcomponents/httpclient/4.5.13/httpclient-4.5.13.jar:/Users/enasalkhawatrah/.m2/repository/org/apache/httpcomponents/httpcore/4.4.13/httpcore-4.4.13.jar:/Users/enasalkhawatrah/.m2/repository/commons-logging/commons-logging/1.2/commons-logging-1.2.jar:/Users/enasalkhawatrah/.m2/repository/commons-codec/commons-codec/1.11/commons-codec-1.11.jar:/Users/enasalkhawatrah/.m2/repository/org/apache/httpcomponents/httpmime/4.5.13/httpmime-4.5.13.jar:/Users/enasalkhawatrah/.m2/repository/org/hamcrest/hamcrest/2.1/hamcrest-2.1.jar:/Users/enasalkhawatrah/.m2/repository/org/ccil/cowan/tagsoup/tagsoup/1.2.1/tagsoup-1.2.1.jar:/Users/enasalkhawatrah/.m2/repository/io/rest-assured/json-path/5.3.0/json-path-5.3.0.jar:/Users/enasalkhawatrah/.m2/repository/org/apache/groovy/groovy-json/4.0.6/groovy-json-4.0.6.jar:/Users/enasalkhawatrah/.m2/repository/io/rest-assured/rest-assured-common/5.3.0/rest-assured-common-5.3.0.jar:/Users/enasalkhawatrah/.m2/repository/io/rest-assured/xml-path/5.3.0/xml-path-5.3.0.jar:/Users/enasalkhawatrah/.m2/repository/org/apache/commons/commons-lang3/3.11/commons-lang3-3.11.jar:/Users/enasalkhawatrah/.m2/repository/org/junit/jupiter/junit-jupiter-api/5.9.2/junit-jupiter-api-5.9.2.jar:/Users/enasalkhawatrah/.m2/repository/org/opentest4j/opentest4j/1.2.0/opentest4j-1.2.0.jar:/Users/enasalkhawatrah/.m2/repository/org/junit/platform/junit-platform-commons/1.9.2/junit-platform-commons-1.9.2.jar:/Users/enasalkhawatrah/.m2/repository/org/apiguardian/apiguardian-api/1.1.2/apiguardian-api-1.1.2.jar:/Users/enasalkhawatrah/.m2/repository/net/minidev/accessors-smart/2.4.7/accessors-smart-2.4.7.jar:/Users/enasalkhawatrah/.m2/repository/org/ow2/asm/asm/9.1/asm-9.1.jar:/Users/enasalkhawatrah/.m2/repository/org/junit/jupiter/junit-jupiter-engine/5.9.2/junit-jupiter-engine-5.9.2.jar:/Users/enasalkhawatrah/.m2/repository/io/qameta/allure/allure-junit5/2.20.1/allure-junit5-2.20.1.jar:/Users/enasalkhawatrah/.m2/repository/io/qameta/allure/allure-junit-platform/2.20.1/allure-junit-platform-2.20.1.jar:/Users/enasalkhawatrah/.m2/repository/io/qameta/allure/allure-java-commons/2.20.1/allure-java-commons-2.20.1.jar:/Users/enasalkhawatrah/.m2/repository/io/qameta/allure/allure-model/2.20.1/allure-model-2.20.1.jar:/Users/enasalkhawatrah/.m2/repository/io/qameta/allure/allure-test-filter/2.20.1/allure-test-filter-2.20.1.jar:/Users/enasalkhawatrah/.m2/repository/io/qameta/allure/allure-rest-assured/2.20.1/allure-rest-assured-2.20.1.jar:/Users/enasalkhawatrah/.m2/repository/io/qameta/allure/allure-attachments/2.20.1/allure-attachments-2.20.1.jar:/Users/enasalkhawatrah/.m2/repository/org/freemarker/freemarker/2.3.31/freemarker-2.3.31.jar:/Users/enasalkhawatrah/.m2/repository/org/junit/platform/junit-platform-engine/1.9.2/junit-platform-engine-1.9.2.jar:/Users/enasalkhawatrah/.m2/repository/org/junit/platform/junit-platform-launcher/1.9.2/junit-platform-launcher-1.9.2.jar:/Users/enasalkhawatrah/.m2/repository/org/junit/platform/junit-platform-runner/1.9.2/junit-platform-runner-1.9.2.jar:/Users/enasalkhawatrah/.m2/repository/junit/junit/4.13.2/junit-4.13.2.jar:/Users/enasalkhawatrah/.m2/repository/org/hamcrest/hamcrest-core/1.3/hamcrest-core-1.3.jar:/Users/enasalkhawatrah/.m2/repository/org/junit/platform/junit-platform-suite-api/1.9.2/junit-platform-suite-api-1.9.2.jar:/Users/enasalkhawatrah/.m2/repository/org/junit/platform/junit-platform-suite-commons/1.9.2/junit-platform-suite-commons-1.9.2.jar:/Users/enasalkhawatrah/.m2/repository/org/slf4j/slf4j-api/2.0.6/slf4j-api-2.0.6.jar:/Users/enasalkhawatrah/.m2/repository/org/slf4j/slf4j-simple/2.0.6/slf4j-simple-2.0.6.jar:"/>
    <property name="java.vm.vendor" value="Oracle Corporation"/>
    <property name="sun.arch.data.model" value="64"/>
    <property name="java.vendor.url" value="https://java.oracle.com/"/>
    <property name="user.timezone" value="Asia/Amman"/>
    <property name="os.name" value="Mac OS X"/>
    <property name="java.vm.specification.version" value="21"/>
    <property name="sun.java.launcher" value="SUN_STANDARD"/>
    <property name="user.country" value="JO"/>
    <property name="sun.boot.library.path" value="/Library/Java/JavaVirtualMachines/jdk-21.jdk/Contents/Home/lib"/>
    <property name="sun.java.command" value="/Users/enasalkhawatrah/eclipse-workspace/herokuApp/target/surefire/surefirebooter14071536256126945886.jar /Users/enasalkhawatrah/eclipse-workspace/herokuApp/target/surefire 2024-10-12T23-47-38_389-jvmRun1 surefire14798351529165573234tmp surefire_04241153153852302916tmp"/>
    <property name="http.nonProxyHosts" value="local|*.local|169.254/16|*.169.254/16"/>
    <property name="jdk.debug" value="release"/>
    <property name="surefire.test.class.path" value="/Users/enasalkhawatrah/eclipse-workspace/herokuApp/target/test-classes:/Users/enasalkhawatrah/eclipse-workspace/herokuApp/target/classes:/Users/enasalkhawatrah/.m2/repository/io/rest-assured/rest-assured/5.3.0/rest-assured-5.3.0.jar:/Users/enasalkhawatrah/.m2/repository/org/apache/groovy/groovy/4.0.6/groovy-4.0.6.jar:/Users/enasalkhawatrah/.m2/repository/org/apache/groovy/groovy-xml/4.0.6/groovy-xml-4.0.6.jar:/Users/enasalkhawatrah/.m2/repository/org/apache/httpcomponents/httpclient/4.5.13/httpclient-4.5.13.jar:/Users/enasalkhawatrah/.m2/repository/org/apache/httpcomponents/httpcore/4.4.13/httpcore-4.4.13.jar:/Users/enasalkhawatrah/.m2/repository/commons-logging/commons-logging/1.2/commons-logging-1.2.jar:/Users/enasalkhawatrah/.m2/repository/commons-codec/commons-codec/1.11/commons-codec-1.11.jar:/Users/enasalkhawatrah/.m2/repository/org/apache/httpcomponents/httpmime/4.5.13/httpmime-4.5.13.jar:/Users/enasalkhawatrah/.m2/repository/org/hamcrest/hamcrest/2.1/hamcrest-2.1.jar:/Users/enasalkhawatrah/.m2/repository/org/ccil/cowan/tagsoup/tagsoup/1.2.1/tagsoup-1.2.1.jar:/Users/enasalkhawatrah/.m2/repository/io/rest-assured/json-path/5.3.0/json-path-5.3.0.jar:/Users/enasalkhawatrah/.m2/repository/org/apache/groovy/groovy-json/4.0.6/groovy-json-4.0.6.jar:/Users/enasalkhawatrah/.m2/repository/io/rest-assured/rest-assured-common/5.3.0/rest-assured-common-5.3.0.jar:/Users/enasalkhawatrah/.m2/repository/io/rest-assured/xml-path/5.3.0/xml-path-5.3.0.jar:/Users/enasalkhawatrah/.m2/repository/org/apache/commons/commons-lang3/3.11/commons-lang3-3.11.jar:/Users/enasalkhawatrah/.m2/repository/org/junit/jupiter/junit-jupiter-api/5.9.2/junit-jupiter-api-5.9.2.jar:/Users/enasalkhawatrah/.m2/repository/org/opentest4j/opentest4j/1.2.0/opentest4j-1.2.0.jar:/Users/enasalkhawatrah/.m2/repository/org/junit/platform/junit-platform-commons/1.9.2/junit-platform-commons-1.9.2.jar:/Users/enasalkhawatrah/.m2/repository/org/apiguardian/apiguardian-api/1.1.2/apiguardian-api-1.1.2.jar:/Users/enasalkhawatrah/.m2/repository/net/minidev/accessors-smart/2.4.7/accessors-smart-2.4.7.jar:/Users/enasalkhawatrah/.m2/repository/org/ow2/asm/asm/9.1/asm-9.1.jar:/Users/enasalkhawatrah/.m2/repository/org/junit/jupiter/junit-jupiter-engine/5.9.2/junit-jupiter-engine-5.9.2.jar:/Users/enasalkhawatrah/.m2/repository/io/qameta/allure/allure-junit5/2.20.1/allure-junit5-2.20.1.jar:/Users/enasalkhawatrah/.m2/repository/io/qameta/allure/allure-junit-platform/2.20.1/allure-junit-platform-2.20.1.jar:/Users/enasalkhawatrah/.m2/repository/io/qameta/allure/allure-java-commons/2.20.1/allure-java-commons-2.20.1.jar:/Users/enasalkhawatrah/.m2/repository/io/qameta/allure/allure-model/2.20.1/allure-model-2.20.1.jar:/Users/enasalkhawatrah/.m2/repository/io/qameta/allure/allure-test-filter/2.20.1/allure-test-filter-2.20.1.jar:/Users/enasalkhawatrah/.m2/repository/io/qameta/allure/allure-rest-assured/2.20.1/allure-rest-assured-2.20.1.jar:/Users/enasalkhawatrah/.m2/repository/io/qameta/allure/allure-attachments/2.20.1/allure-attachments-2.20.1.jar:/Users/enasalkhawatrah/.m2/repository/org/freemarker/freemarker/2.3.31/freemarker-2.3.31.jar:/Users/enasalkhawatrah/.m2/repository/org/junit/platform/junit-platform-engine/1.9.2/junit-platform-engine-1.9.2.jar:/Users/enasalkhawatrah/.m2/repository/org/junit/platform/junit-platform-launcher/1.9.2/junit-platform-launcher-1.9.2.jar:/Users/enasalkhawatrah/.m2/repository/org/junit/platform/junit-platform-runner/1.9.2/junit-platform-runner-1.9.2.jar:/Users/enasalkhawatrah/.m2/repository/junit/junit/4.13.2/junit-4.13.2.jar:/Users/enasalkhawatrah/.m2/repository/org/hamcrest/hamcrest-core/1.3/hamcrest-core-1.3.jar:/Users/enasalkhawatrah/.m2/repository/org/junit/platform/junit-platform-suite-api/1.9.2/junit-platform-suite-api-1.9.2.jar:/Users/enasalkhawatrah/.m2/repository/org/junit/platform/junit-platform-suite-commons/1.9.2/junit-platform-suite-commons-1.9.2.jar:/Users/enasalkhawatrah/.m2/repository/org/slf4j/slf4j-api/2.0.6/slf4j-api-2.0.6.jar:/Users/enasalkhawatrah/.m2/repository/org/slf4j/slf4j-simple/2.0.6/slf4j-simple-2.0.6.jar:"/>
    <property name="sun.cpu.endian" value="little"/>
    <property name="user.home" value="/Users/enasalkhawatrah"/>
    <property name="user.language" value="en"/>
    <property name="java.specification.vendor" value="Oracle Corporation"/>
    <property name="java.version.date" value="2023-10-17"/>
    <property name="java.home" value="/Library/Java/JavaVirtualMachines/jdk-21.jdk/Contents/Home"/>
    <property name="file.separator" value="/"/>
    <property name="basedir" value="/Users/enasalkhawatrah/eclipse-workspace/herokuApp"/>
    <property name="java.vm.compressedOopsMode" value="Zero based"/>
    <property name="line.separator" value="&#10;"/>
    <property name="java.vm.specification.vendor" value="Oracle Corporation"/>
    <property name="java.specification.name" value="Java Platform API Specification"/>
    <property name="apple.awt.application.name" value="ForkedBooter"/>
    <property name="surefire.real.class.path" value="/Users/enasalkhawatrah/eclipse-workspace/herokuApp/target/surefire/surefirebooter14071536256126945886.jar"/>
    <property name="sun.management.compiler" value="HotSpot 64-Bit Tiered Compilers"/>
    <property name="ftp.nonProxyHosts" value="local|*.local|169.254/16|*.169.254/16"/>
    <property name="java.runtime.version" value="21.0.1+12-LTS-29"/>
    <property name="user.name" value="enasalkhawatrah"/>
    <property name="stdout.encoding" value="UTF-8"/>
    <property name="path.separator" value=":"/>
    <property name="os.version" value="15.0.1"/>
    <property name="java.runtime.name" value="Java(TM) SE Runtime Environment"/>
    <property name="file.encoding" value="UTF-8"/>
    <property name="java.vm.name" value="Java HotSpot(TM) 64-Bit Server VM"/>
    <property name="localRepository" value="/Users/enasalkhawatrah/.m2/repository"/>
    <property name="java.vendor.url.bug" value="https://bugreport.java.com/bugreport/"/>
    <property name="java.io.tmpdir" value="/var/folders/t_/y424hby14c7fpnqr1zbj4rg40000gn/T/"/>
    <property name="java.version" value="21.0.1"/>
    <property name="user.dir" value="/Users/enasalkhawatrah/eclipse-workspace/herokuApp"/>
    <property name="os.arch" value="aarch64"/>
    <property name="java.vm.specification.name" value="Java Virtual Machine Specification"/>
    <property name="native.encoding" value="UTF-8"/>
    <property name="java.library.path" value="/Users/enasalkhawatrah/Library/Java/Extensions:/Library/Java/Extensions:/Network/Library/Java/Extensions:/System/Library/Java/Extensions:/usr/lib/java:."/>
    <property name="java.vm.info" value="mixed mode, sharing"/>
    <property name="stderr.encoding" value="UTF-8"/>
    <property name="java.vendor" value="Oracle Corporation"/>
    <property name="java.vm.version" value="21.0.1+12-LTS-29"/>
    <property name="sun.io.unicode.encoding" value="UnicodeBig"/>
    <property name="socksNonProxyHosts" value="local|*.local|169.254/16|*.169.254/16"/>
    <property name="java.class.version" value="65.0"/>
  </properties>
  <testcase name="verifyAddingNewBooking" classname="AddNewItemTest" time="5.124"/>
</testsuite>